This is pdfTeX, Version 3.141592653-2.6-1.40.25 (TeX Live 2023/Arch Linux) (preloaded format=pdflatex 2023.10.1)  12 JAN 2024 15:56
entering extended mode
 restricted \write18 enabled.
 %&-line parsing enabled.
**temp.tex
(./temp.tex
LaTeX2e <2022-11-01> patch level 1
L3 programming layer <2023-02-22>
(/usr/share/texmf-dist/tex/latex/base/article.cls
Document Class: article 2022/07/02 v1.4n Standard LaTeX document class
(/usr/share/texmf-dist/tex/latex/base/size10.clo
File: size10.clo 2022/07/02 v1.4n Standard LaTeX file (size option)
)
\c@part=\count185
\c@section=\count186
\c@subsection=\count187
\c@subsubsection=\count188
\c@paragraph=\count189
\c@subparagraph=\count190
\c@figure=\count191
\c@table=\count192
\abovecaptionskip=\skip48
\belowcaptionskip=\skip49
\bibindent=\dimen140
)
(/usr/share/texmf-dist/tex/latex/base/inputenc.sty
Package: inputenc 2021/02/14 v1.3d Input encoding file
\inpenc@prehook=\toks16
\inpenc@posthook=\toks17
)

! LaTeX Error: File `libertine.sty' not found.

Type X to quit or <RETURN> to proceed,
or enter new name. (Default extension: sty)

Enter file name: 
! Undefined control sequence.
l.5 \hypertarget
                {ux3c4ux3b1-ux3b5ux3c0ux3c4ux3b1ux3bdux3b7ux3c3ux3b1-ux3baux...

? 

! LaTeX Error: Missing \begin{document}.

See the LaTeX manual or LaTeX Companion for explanation.
Type  H <return>  for immediate help.
 ...                                              
                                                  
l.5 \hypertarget{u
                  x3c4ux3b1-ux3b5ux3c0ux3c4ux3b1ux3bdux3b7ux3c3ux3b1-ux3baux...

? 

Overfull \hbox (19.44551pt too wide) in paragraph at lines 5--6
[]\OT1/cmr/m/n/10 ux3c4ux3b1-ux3b5ux3c0ux3c4ux3b1ux3bdux3b7ux3c3ux3b1-ux3baux3b
1ux3b9-
 []


Overfull \hbox (151.1127pt too wide) in paragraph at lines 5--6
\OT1/cmr/m/n/10 ux3c4ux3bf-ux3b9ux3bfux3bdux3b9ux3bf-ux3c0ux3b1ux3bdux3b5ux3c0u
x3b9ux3c3ux3c4ux3b7ux3bcux3b9ux3bf 
 []

LaTeX Font Info:    Font shape `OT1/cmtt/bx/n' in size <14.4> not available
(Font)              Font shape `OT1/cmtt/m/n' tried instead on input line 7.

! LaTeX Error: Missing \begin{document}.

See the LaTeX manual or LaTeX Companion for explanation.
Type  H <return>  for immediate help.
 ...                                              
                                                  
l.7 ΠΑΝΕΠΙΣΤΗΜΙΟ}
                             \label{ux3c4ux3b1-ux3b5ux3c0ux3c4ux3b1ux3bdux3b...

? 

! LaTeX Error: Unicode character Τ (U+03A4)
               not set up for use with LaTeX.

See the LaTeX manual or LaTeX Companion for explanation.
Type  H <return>  for immediate help.
 ...                                              
                                                  
l.7 ΠΑΝΕΠΙΣΤΗΜΙΟ}
                             \label{ux3c4ux3b1-ux3b5ux3c0ux3c4ux3b1ux3bdux3b...

? 
! Emergency stop.
 ...                                              
                                                  
l.7 ΠΑΝΕΠΙΣΤΗΜΙΟ}
                             \label{ux3c4ux3b1-ux3b5ux3c0ux3c4ux3b1ux3bdux3b...

You may provide a definition with
\DeclareUnicodeCharacter 

 
Here is how much of TeX's memory you used:
 275 strings out of 477985
 3997 string characters out of 5840058
 1849388 words of memory out of 5000000
 20558 multiletter control sequences out of 15000+600000
 512624 words of font info for 34 fonts, out of 8000000 for 9000
 14 hyphenation exceptions out of 8191
 34i,0n,38p,249b,121s stack positions out of 10000i,1000n,20000p,200000b,200000s
!  ==> Fatal error occurred, no output PDF file produced!
